Performing C++ SOURCE FILE Test W_SHADOW_ALL failed with the following output:
Change Dir: /home/suresh/CBDC/opencbdc-tx/build/CMakeFiles/CMakeTmp

Run Build Command(s):/usr/bin/make cmTC_d5e23/fast && /usr/bin/make -f CMakeFiles/cmTC_d5e23.dir/build.make CMakeFiles/cmTC_d5e23.dir/build
make[1]: Entering directory '/home/suresh/CBDC/opencbdc-tx/build/CMakeFiles/CMakeTmp'
Building CXX object CMakeFiles/cmTC_d5e23.dir/src.cxx.o
/usr/bin/c++    -DW_SHADOW_ALL   -Wshadow-all -std=c++17 -o CMakeFiles/cmTC_d5e23.dir/src.cxx.o -c /home/suresh/CBDC/opencbdc-tx/build/CMakeFiles/CMakeTmp/src.cxx
c++: error: unrecognized command line option '-Wshadow-all'; did you mean '-Wshadow'?
make[1]: *** [CMakeFiles/cmTC_d5e23.dir/build.make:66: CMakeFiles/cmTC_d5e23.dir/src.cxx.o] Error 1
make[1]: Leaving directory '/home/suresh/CBDC/opencbdc-tx/build/CMakeFiles/CMakeTmp'
make: *** [Makefile:121: cmTC_d5e23/fast] Error 2


Source file was:
int main() { return 0; }
Performing C++ SOURCE FILE Test W_NEWLINE_EOF failed with the following output:
Change Dir: /home/suresh/CBDC/opencbdc-tx/build/CMakeFiles/CMakeTmp

Run Build Command(s):/usr/bin/make cmTC_77e8a/fast && /usr/bin/make -f CMakeFiles/cmTC_77e8a.dir/build.make CMakeFiles/cmTC_77e8a.dir/build
make[1]: Entering directory '/home/suresh/CBDC/opencbdc-tx/build/CMakeFiles/CMakeTmp'
Building CXX object CMakeFiles/cmTC_77e8a.dir/src.cxx.o
/usr/bin/c++    -DW_NEWLINE_EOF   -Wnewline-eof -std=c++17 -o CMakeFiles/cmTC_77e8a.dir/src.cxx.o -c /home/suresh/CBDC/opencbdc-tx/build/CMakeFiles/CMakeTmp/src.cxx
c++: error: unrecognized command line option '-Wnewline-eof'
make[1]: *** [CMakeFiles/cmTC_77e8a.dir/build.make:66: CMakeFiles/cmTC_77e8a.dir/src.cxx.o] Error 1
make[1]: Leaving directory '/home/suresh/CBDC/opencbdc-tx/build/CMakeFiles/CMakeTmp'
make: *** [Makefile:121: cmTC_77e8a/fast] Error 2


Source file was:
int main() { return 0; }
Performing C SOURCE FILE Test CMAKE_HAVE_LIBC_PTHREAD failed with the following output:
Change Dir: /home/suresh/CBDC/opencbdc-tx/build/CMakeFiles/CMakeTmp

Run Build Command(s):/usr/bin/make cmTC_a5599/fast && /usr/bin/make -f CMakeFiles/cmTC_a5599.dir/build.make CMakeFiles/cmTC_a5599.dir/build
make[1]: Entering directory '/home/suresh/CBDC/opencbdc-tx/build/CMakeFiles/CMakeTmp'
Building C object CMakeFiles/cmTC_a5599.dir/src.c.o
/usr/bin/cc   -DCMAKE_HAVE_LIBC_PTHREAD   -o CMakeFiles/cmTC_a5599.dir/src.c.o   -c /home/suresh/CBDC/opencbdc-tx/build/CMakeFiles/CMakeTmp/src.c
Linking C executable cmTC_a5599
/usr/bin/cmake -E cmake_link_script CMakeFiles/cmTC_a5599.dir/link.txt --verbose=1
/usr/bin/cc  -DCMAKE_HAVE_LIBC_PTHREAD    CMakeFiles/cmTC_a5599.dir/src.c.o  -o cmTC_a5599 
/usr/bin/ld: CMakeFiles/cmTC_a5599.dir/src.c.o: in function `main':
src.c:(.text+0x46): undefined reference to `pthread_create'
/usr/bin/ld: src.c:(.text+0x52): undefined reference to `pthread_detach'
/usr/bin/ld: src.c:(.text+0x63): undefined reference to `pthread_join'
collect2: error: ld returned 1 exit status
make[1]: *** [CMakeFiles/cmTC_a5599.dir/build.make:87: cmTC_a5599] Error 1
make[1]: Leaving directory '/home/suresh/CBDC/opencbdc-tx/build/CMakeFiles/CMakeTmp'
make: *** [Makefile:121: cmTC_a5599/fast] Error 2


Source file was:
#include <pthread.h>

void* test_func(void* data)
{
  return data;
}

int main(void)
{
  pthread_t thread;
  pthread_create(&thread, NULL, test_func, NULL);
  pthread_detach(thread);
  pthread_join(thread, NULL);
  pthread_atfork(NULL, NULL, NULL);
  pthread_exit(NULL);

  return 0;
}

Determining if the function pthread_create exists in the pthreads failed with the following output:
Change Dir: /home/suresh/CBDC/opencbdc-tx/build/CMakeFiles/CMakeTmp

Run Build Command(s):/usr/bin/make cmTC_12bce/fast && /usr/bin/make -f CMakeFiles/cmTC_12bce.dir/build.make CMakeFiles/cmTC_12bce.dir/build
make[1]: Entering directory '/home/suresh/CBDC/opencbdc-tx/build/CMakeFiles/CMakeTmp'
Building C object CMakeFiles/cmTC_12bce.dir/CheckFunctionExists.c.o
/usr/bin/cc   -DCHECK_FUNCTION_EXISTS=pthread_create   -o CMakeFiles/cmTC_12bce.dir/CheckFunctionExists.c.o   -c /usr/share/cmake-3.16/Modules/CheckFunctionExists.c
Linking C executable cmTC_12bce
/usr/bin/cmake -E cmake_link_script CMakeFiles/cmTC_12bce.dir/link.txt --verbose=1
/usr/bin/cc  -DCHECK_FUNCTION_EXISTS=pthread_create    CMakeFiles/cmTC_12bce.dir/CheckFunctionExists.c.o  -o cmTC_12bce  -lpthreads 
/usr/bin/ld: cannot find -lpthreads
collect2: error: ld returned 1 exit status
make[1]: *** [CMakeFiles/cmTC_12bce.dir/build.make:87: cmTC_12bce] Error 1
make[1]: Leaving directory '/home/suresh/CBDC/opencbdc-tx/build/CMakeFiles/CMakeTmp'
make: *** [Makefile:121: cmTC_12bce/fast] Error 2



